<?xml version="1.0" encoding="UTF-8"?>
<!-- Generated by org.testng.reporters.JUnitReportReporter -->
<testsuite skipped="0" hostname="DESKTOP-A6GIKER" name="medicare.MedicareAPI" tests="1" failures="0" timestamp="27 Nov 2022 12:33:25 GMT" time="1.032" errors="0">
  <testcase name="test1" time="1.032" classname="medicare.MedicareAPI"/>
</testsuite> <!-- medicare.MedicareAPI -->
