<?xml version="1.0" encoding="UTF-8"?>
<!-- Generated by org.testng.reporters.JUnitReportReporter -->
<testsuite skipped="0" hostname="DESKTOP-A6GIKER" name="medicare.MOSTPURCHASEDPRODUCTS" tests="1" failures="0" timestamp="28 Nov 2022 18:46:03 GMT" time="1.053" errors="0">
  <testcase name="test1" time="1.053" classname="medicare.MOSTPURCHASEDPRODUCTS"/>
</testsuite> <!-- medicare.MOSTPURCHASEDPRODUCTS -->
