<?xml version="1.0" encoding="UTF-8"?>
<!-- Generated by org.testng.reporters.JUnitReportReporter -->
<testsuite skipped="0" hostname="DESKTOP-A6GIKER" name="medicare.MOSTVIEWEDPRODUCTS" tests="1" failures="0" timestamp="28 Nov 2022 18:46:13 GMT" time="1.096" errors="0">
  <testcase name="test1" time="1.096" classname="medicare.MOSTVIEWEDPRODUCTS"/>
</testsuite> <!-- medicare.MOSTVIEWEDPRODUCTS -->
