<?xml version="1.0" encoding="UTF-8"?>
<!-- Generated by org.testng.reporters.JUnitReportReporter -->
<testsuite skipped="0" hostname="DESKTOP-A6GIKER" name="medicare.CATEGORYPRODUCTS" tests="1" failures="0" timestamp="28 Nov 2022 18:45:53 GMT" time="1.092" errors="0">
  <testcase name="test1" time="1.092" classname="medicare.CATEGORYPRODUCTS"/>
</testsuite> <!-- medicare.CATEGORYPRODUCTS -->
